<?xml version="1.0" encoding="UTF-8"?>
<!-- Generated by org.testng.reporters.JUnitXMLReporter -->
<testsuite ignored="6" hostname="DESKTOP-MUG33TE" failures="0" tests="4" name="Test-Runner-3" time="60.003" errors="0" timestamp="2023-01-11T12:27:18 IST">
  <testcase classname="com.sis.genericUtility.Base_Class" name="@AfterMethod configAM_SIS" time="10.976">
    <failure type="org.openqa.selenium.NoSuchWindowException" message="no such window: target window already closed
from unknown error: web view not found
  (Session info: MicrosoftEdge=108.0.1462.76)
Build info: version: &amp;apos;3.141.59&amp;apos;, revision: &amp;apos;e82be7d358&amp;apos;, time: &amp;apos;2018-11-14T08:17:03&amp;apos;
System info: host: &amp;apos;DESKTOP-MUG33TE&amp;apos;, ip: &amp;apos;192.168.0.206&amp;apos;, os.name: &amp;apos;Windows 10&amp;apos;, os.arch: &amp;apos;amd64&amp;apos;, os.version: &amp;apos;10.0&amp;apos;, java.version: &amp;apos;17.0.4.1&amp;apos;
Driver info: org.openqa.selenium.edge.EdgeDriver
Capabilities {acceptInsecureCerts: false, browserName: msedge, browserVersion: 108.0.1462.76, javascriptEnabled: true, ms:edgeOptions: {debuggerAddress: localhost:63341}, msedge: {msedgedriverVersion: 108.0.1462.76 (5feb33087363..., userDataDir: C:\Users\USER\AppData\Local...}, networkConnectionEnabled: false, pageLoadStrategy: normal, platform: WINDOWS, platformName: WINDOWS, proxy: Proxy(), setWindowRect: true, strictFileInteractability: false, timeouts: {implicit: 0, pageLoad: 300000, script: 30000}, unhandledPromptBehavior: dismiss and notify, webauthn:extension:credBlob: true, webauthn:extension:largeBlob: true, webauthn:virtualAuthenticators: true}
Session ID: 6728d56d8f6948cfe72fbf668f0b47b6
*** Element info: {Using=id, value=userDropdown}">
      <![CDATA[org.openqa.selenium.NoSuchWindowException: no such window: target window already closed
from unknown error: web view not found
  (Session info: MicrosoftEdge=108.0.1462.76)
Build info: version: '3.141.59', revision: 'e82be7d358', time: '2018-11-14T08:17:03'
System info: host: 'DESKTOP-MUG33TE', ip: '192.168.0.206', os.name: 'Windows 10', os.arch: 'amd64', os.version: '10.0', java.version: '17.0.4.1'
Driver info: org.openqa.selenium.edge.EdgeDriver
Capabilities {acceptInsecureCerts: false, browserName: msedge, browserVersion: 108.0.1462.76, javascriptEnabled: true, ms:edgeOptions: {debuggerAddress: localhost:63341}, msedge: {msedgedriverVersion: 108.0.1462.76 (5feb33087363..., userDataDir: C:\Users\USER\AppData\Local...}, networkConnectionEnabled: false, pageLoadStrategy: normal, platform: WINDOWS, platformName: WINDOWS, proxy: Proxy(), setWindowRect: true, strictFileInteractability: false, timeouts: {implicit: 0, pageLoad: 300000, script: 30000}, unhandledPromptBehavior: dismiss and notify, webauthn:extension:credBlob: true, webauthn:extension:largeBlob: true, webauthn:virtualAuthenticators: true}
Session ID: 6728d56d8f6948cfe72fbf668f0b47b6
*** Element info: {Using=id, value=userDropdown}
at org.openqa.selenium.remote.http.W3CHttpResponseCodec.createException(W3CHttpResponseCodec.java:187)
at org.openqa.selenium.remote.http.W3CHttpResponseCodec.decode(W3CHttpResponseCodec.java:122)
at org.openqa.selenium.remote.http.W3CHttpResponseCodec.decode(W3CHttpResponseCodec.java:49)
at org.openqa.selenium.remote.HttpCommandExecutor.execute(HttpCommandExecutor.java:158)
at org.openqa.selenium.remote.service.DriverCommandExecutor.execute(DriverCommandExecutor.java:83)
at org.openqa.selenium.remote.RemoteWebDriver.execute(RemoteWebDriver.java:552)
at org.openqa.selenium.remote.RemoteWebDriver.findElement(RemoteWebDriver.java:323)
at org.openqa.selenium.remote.RemoteWebDriver.findElementById(RemoteWebDriver.java:372)
at org.openqa.selenium.By$ById.findElement(By.java:188)
at org.openqa.selenium.remote.RemoteWebDriver.findElement(RemoteWebDriver.java:315)
at org.openqa.selenium.support.pagefactory.DefaultElementLocator.findElement(DefaultElementLocator.java:69)
at org.openqa.selenium.support.pagefactory.internal.LocatingElementHandler.invoke(LocatingElementHandler.java:38)
at jdk.proxy2/jdk.proxy2.$Proxy17.toString(Unknown Source)
at java.base/java.lang.String.valueOf(String.java:4218)
at java.base/java.lang.StringBuilder.append(StringBuilder.java:173)
at org.openqa.selenium.support.ui.ExpectedConditions$23.toString(ExpectedConditions.java:683)
at java.base/java.lang.String.valueOf(String.java:4218)
at java.base/java.lang.StringBuilder.append(StringBuilder.java:173)
at org.openqa.selenium.support.ui.FluentWait.until(FluentWait.java:268)
at com.sis.genericUtility.WebDriverUtility.elementToBeClickable(WebDriverUtility.java:41)
at com.sis.ObjRepo.AdminHomePage.logOutModule(AdminHomePage.java:139)
at com.sis.genericUtility.Base_Class.configAM_SIS(Base_Class.java:64)
at java.base/java.util.ArrayList.forEach(ArrayList.java:1511)
at java.base/java.util.concurrent.FutureTask.run(FutureTask.java:264)
at java.base/java.util.concurrent.ThreadPoolExecutor.runWorker(ThreadPoolExecutor.java:1136)
at java.base/java.util.concurrent.ThreadPoolExecutor$Worker.run(ThreadPoolExecutor.java:635)
at java.base/java.lang.Thread.run(Thread.java:833)
... Removed 28 stack frames]]>
    </failure>
  </testcase> <!-- @AfterMethod configAM_SIS -->
  <testcase classname="com.sis.genericUtility.Base_Class" name="@AfterClass configAC_SIS" time="-1.673420238196E9">
    <skipped/>
  </testcase> <!-- @AfterClass configAC_SIS -->
  <testcase classname="Product_Module.CreateProduct_POM_Test" name="addProduct" time="4.569"/>
  <testcase classname="Accounts_Module.CreateUserAccount_POM_Test" name="addUser" time="2.482"/>
  <testcase classname="Customer_Module.CreateCustomer_POM_Test" name="addCustomer" time="2.702"/>
  <testcase classname="Employee_Module.CreateEmployee_POM_Test" name="addEmployee" time="3.624"/>
  <testcase classname="com.sis.genericUtility.Base_Class" name="@AfterSuite configAS_SIS" time="0.0">
    <ignored/>
  </testcase> <!-- @AfterSuite configAS_SIS -->
  <testcase classname="com.sis.genericUtility.Base_Class" name="@AfterSuite configAS_SIS" time="0.0">
    <ignored/>
  </testcase> <!-- @AfterSuite configAS_SIS -->
  <testcase classname="com.sis.genericUtility.Base_Class" name="@AfterSuite configAS_SIS" time="0.0">
    <ignored/>
  </testcase> <!-- @AfterSuite configAS_SIS -->
  <testcase classname="com.sis.genericUtility.Base_Class" name="@BeforeSuite configBS_SIS" time="0.0">
    <ignored/>
  </testcase> <!-- @BeforeSuite configBS_SIS -->
  <testcase classname="com.sis.genericUtility.Base_Class" name="@BeforeSuite configBS_SIS" time="0.0">
    <ignored/>
  </testcase> <!-- @BeforeSuite configBS_SIS -->
  <testcase classname="com.sis.genericUtility.Base_Class" name="@BeforeSuite configBS_SIS" time="0.0">
    <ignored/>
  </testcase> <!-- @BeforeSuite configBS_SIS -->
</testsuite> <!-- Test-Runner-3 -->
